{"numFailedTestSuites":0,"numFailedTests":0,"numPassedTestSuites":3,"numPassedTests":58,"numPendingTestSuites":0,"numPendingTests":0,"numRuntimeErrorTestSuites":0,"numTodoTests":0,"numTotalTestSuites":3,"numTotalTests":58,"openHandles":[],"snapshot":{"added":0,"didUpdate":false,"failure":false,"filesAdded":0,"filesRemoved":0,"filesRemovedList":[],"filesUnmatched":0,"filesUpdated":0,"matched":0,"total":0,"unchecked":0,"uncheckedKeysByFile":[],"unmatched":0,"updated":0},"startTime":1788181808861,"success":true,"testResults":[{"assertionResults":[{"ancestorTitles":["Registration and email login"],"duration":406,"failing":false,"failureDetails":[],"failureMessages":[],"fullName":"Registration and email login registers and logs in a Tenant with hashed password","invocations":1,"location":null,"numPassingAsserts":9,"retryReasons":[],"startAt":1788181811714,"status":"passed","title":"registers and logs in a Tenant with hashed password"},{"ancestorTitles":["Registration and email login"],"duration":381,"failing":false,"failureDetails":[],"failureMessages":[],"fullName":"Registration and email login registers and logs in a Landlord with hashed password","invocations":1,"location":null,"numPassingAsserts":9,"retryReasons":[],"startAt":1788181812121,"status":"passed","title":"registers and logs in a Landlord with hashed password"},{"ancestorTitles":["Registration and email login"],"duration":374,"failing":false,"failureDetails":[],"failureMessages":[],"fullName":"Registration and email login registers and logs in a Agent with hashed password","invocations":1,"location":null,"numPassingAsserts":9,"retryReasons":[],"startAt":1788181812502,"status":"passed","title":"registers and logs in a Agent with hashed password"},{"ancestorTitles":["Registration and email login"],"duration":312,"failing":false,"failureDetails":[],"failureMessages":[],"fullName":"Registration and email login supports multiple separate password registrations","invocations":1,"location":null,"numPassingAsserts":2,"retryReasons":[],"startAt":1788181812876,"status":"passed","title":"supports multiple separate password registrations"},{"ancestorTitles":["Registration and email login"],"duration":159,"failing":false,"failureDetails":[],"failureMessages":[],"fullName":"Registration and email login rejects duplicate email","invocations":1,"location":null,"numPassingAsserts":1,"retryReasons":[],"startAt":1788181813188,"status":"passed","title":"rejects duplicate email"},{"ancestorTitles":["Registration and email login"],"duration":35,"failing":false,"failureDetails":[],"failureMessages":[],"fullName":"Registration and email login rejects invalid registration {\"email\":\"invalid\"}","invocations":1,"location":null,"numPassingAsserts":2,"retryReasons":[],"startAt":1788181813347,"status":"passed","title":"rejects invalid registration {\"email\":\"invalid\"}"},{"ancestorTitles":["Registration and email login"],"duration":13,"failing":false,"failureDetails":[],"failureMessages":[],"fullName":"Registration and email login rejects invalid registration {\"password\":\"123\"}","invocations":1,"location":null,"numPassingAsserts":2,"retryReasons":[],"startAt":1788181813382,"status":"passed","title":"rejects invalid registration {\"password\":\"123\"}"},{"ancestorTitles":["Registration and email login"],"duration":14,"failing":false,"failureDetails":[],"failureMessages":[],"fullName":"Registration and email login rejects invalid registration {\"password\":\"\"}","invocations":1,"location":null,"numPassingAsserts":2,"retryReasons":[],"startAt":1788181813395,"status":"passed","title":"rejects invalid registration {\"password\":\"\"}"},{"ancestorTitles":["Registration and email login"],"duration":17,"failing":false,"failureDetails":[],"failureMessages":[],"fullName":"Registration and email login rejects invalid registration {\"role\":\"Admin\"}","invocations":1,"location":null,"numPassingAsserts":2,"retryReasons":[],"startAt":1788181813409,"status":"passed","title":"rejects invalid registration {\"role\":\"Admin\"}"},{"ancestorTitles":["Registration and email login"],"duration":15,"failing":false,"failureDetails":[],"failureMessages":[],"fullName":"Registration and email login rejects invalid registration {\"role\":\"Unknown\"}","invocations":1,"location":null,"numPassingAsserts":2,"retryReasons":[],"startAt":1788181813426,"status":"passed","title":"rejects invalid registration {\"role\":\"Unknown\"}"},{"ancestorTitles":["Registration and email login"],"duration":16,"failing":false,"failureDetails":[],"failureMessages":[],"fullName":"Registration and email login rejects invalid login input {\"email\":\"invalid\",\"password\":\"x\"}","invocations":1,"location":null,"numPassingAsserts":1,"retryReasons":[],"startAt":1788181813441,"status":"passed","title":"rejects invalid login input {\"email\":\"invalid\",\"password\":\"x\"}"},{"ancestorTitles":["Registration and email login"],"duration":16,"failing":false,"failureDetails":[],"failureMessages":[],"fullName":"Registration and email login rejects invalid login input {\"email\":\"auth-test@example.test\"}","invocations":1,"location":null,"numPassingAsserts":1,"retryReasons":[],"startAt":1788181813457,"status":"passed","title":"rejects invalid login input {\"email\":\"auth-test@example.test\"}"},{"ancestorTitles":["Registration and email login"],"duration":15,"failing":false,"failureDetails":[],"failureMessages":[],"fullName":"Registration and email login rejects invalid login input {}","invocations":1,"location":null,"numPassingAsserts":1,"retryReasons":[],"startAt":1788181813473,"status":"passed","title":"rejects invalid login input {}"},{"ancestorTitles":["Registration and email login"],"duration":252,"failing":false,"failureDetails":[],"failureMessages":[],"fullName":"Registration and email login rejects unknown email, wrong password and suspended accounts","invocations":1,"location":null,"numPassingAsserts":3,"retryReasons":[],"startAt":1788181813488,"status":"passed","title":"rejects unknown email, wrong password and suspended accounts"},{"ancestorTitles":["Protected routes and sessions"],"duration":14,"failing":false,"failureDetails":[],"failureMessages":[],"fullName":"Protected routes and sessions rejects missing, invalid, expired or unknown-user access (0)","invocations":1,"location":null,"numPassingAsserts":1,"retryReasons":[],"startAt":1788181813740,"status":"passed","title":"rejects missing, invalid, expired or unknown-user access (0)"},{"ancestorTitles":["Protected routes and sessions"],"duration":16,"failing":false,"failureDetails":[],"failureMessages":[],"fullName":"Protected routes and sessions rejects missing, invalid, expired or unknown-user access (1)","invocations":1,"location":null,"numPassingAsserts":1,"retryReasons":[],"startAt":1788181813754,"status":"passed","title":"rejects missing, invalid, expired or unknown-user access (1)"},{"ancestorTitles":["Protected routes and sessions"],"duration":16,"failing":false,"failureDetails":[],"failureMessages":[],"fullName":"Protected routes and sessions rejects missing, invalid, expired or unknown-user access (2)","invocations":1,"location":null,"numPassingAsserts":1,"retryReasons":[],"startAt":1788181813770,"status":"passed","title":"rejects missing, invalid, expired or unknown-user access (2)"},{"ancestorTitles":["Protected routes and sessions"],"duration":16,"failing":false,"failureDetails":[],"failureMessages":[],"fullName":"Protected routes and sessions rejects missing, invalid, expired or unknown-user access (3)","invocations":1,"location":null,"numPassingAsserts":1,"retryReasons":[],"startAt":1788181813786,"status":"passed","title":"rejects missing, invalid, expired or unknown-user access (3)"},{"ancestorTitles":["Protected routes and sessions"],"duration":16,"failing":false,"failureDetails":[],"failureMessages":[],"fullName":"Protected routes and sessions rejects missing, invalid, expired or unknown-user access (4)","invocations":1,"location":null,"numPassingAsserts":1,"retryReasons":[],"startAt":1788181813802,"status":"passed","title":"rejects missing, invalid, expired or unknown-user access (4)"},{"ancestorTitles":["Protected routes and sessions"],"duration":16,"failing":false,"failureDetails":[],"failureMessages":[],"fullName":"Protected routes and sessions rejects missing, invalid, expired or unknown-user access (5)","invocations":1,"location":null,"numPassingAsserts":1,"retryReasons":[],"startAt":1788181813818,"status":"passed","title":"rejects missing, invalid, expired or unknown-user access (5)"},{"ancestorTitles":["Protected routes and sessions"],"duration":173,"failing":false,"failureDetails":[],"failureMessages":[],"fullName":"Protected routes and sessions rejects suspended-user access and refresh","invocations":1,"location":null,"numPassingAsserts":2,"retryReasons":[],"startAt":1788181813834,"status":"passed","title":"rejects suspended-user access and refresh"},{"ancestorTitles":["Protected routes and sessions"],"duration":168,"failing":false,"failureDetails":[],"failureMessages":[],"fullName":"Protected routes and sessions denies tenant access to admin route; permits admin","invocations":1,"location":null,"numPassingAsserts":2,"retryReasons":[],"startAt":1788181814007,"status":"passed","title":"denies tenant access to admin route; permits admin"},{"ancestorTitles":["Protected routes and sessions"],"duration":497,"failing":false,"failureDetails":[],"failureMessages":[],"fullName":"Protected routes and sessions rotates refresh token and rejects replay, including within the same second","invocations":1,"location":null,"numPassingAsserts":4,"retryReasons":[],"startAt":1788181814175,"status":"passed","title":"rotates refresh token and rejects replay, including within the same second"},{"ancestorTitles":["Protected routes and sessions"],"duration":188,"failing":false,"failureDetails":[],"failureMessages":[],"fullName":"Protected routes and sessions logout revokes refresh and requires authentication","invocations":1,"location":null,"numPassingAsserts":4,"retryReasons":[],"startAt":1788181814672,"status":"passed","title":"logout revokes refresh and requires authentication"},{"ancestorTitles":["Protected routes and sessions"],"duration":12,"failing":false,"failureDetails":[],"failureMessages":[],"fullName":"Protected routes and sessions rejects invalid refresh input {}","invocations":1,"location":null,"numPassingAsserts":1,"retryReasons":[],"startAt":1788181814861,"status":"passed","title":"rejects invalid refresh input {}"},{"ancestorTitles":["Protected routes and sessions"],"duration":16,"failing":false,"failureDetails":[],"failureMessages":[],"fullName":"Protected routes and sessions rejects invalid refresh input {\"refreshToken\":\"invalid\"}","invocations":1,"location":null,"numPassingAsserts":1,"retryReasons":[],"startAt":1788181814873,"status":"passed","title":"rejects invalid refresh input {\"refreshToken\":\"invalid\"}"},{"ancestorTitles":["Protected routes and sessions"],"duration":15,"failing":false,"failureDetails":[],"failureMessages":[],"fullName":"Protected routes and sessions rejects invalid refresh input {\"refreshToken\":\"eyJhbGciOiJIUzI1NiIsInR5cCI6IkpXVCJ9.eyJ1c2VySWQiOiJ4IiwiaWF0IjoxNzg4MTgxODExLCJleHAiOjE3ODgxODE4MTB9.MBzWHfj2J5k1UnBvPQYw1ctCUV99u5QZ40zo0DLKpTM\"}","invocations":1,"location":null,"numPassingAsserts":1,"retryReasons":[],"startAt":1788181814889,"status":"passed","title":"rejects invalid refresh input {\"refreshToken\":\"eyJhbGciOiJIUzI1NiIsInR5cCI6IkpXVCJ9.eyJ1c2VySWQiOiJ4IiwiaWF0IjoxNzg4MTgxODExLCJleHAiOjE3ODgxODE4MTB9.MBzWHfj2J5k1UnBvPQYw1ctCUV99u5QZ40zo0DLKpTM\"}"},{"ancestorTitles":["Google sign-in (Firebase verification boundary simulated)"],"duration":5,"failing":false,"failureDetails":[],"failureMessages":[],"fullName":"Google sign-in (Firebase verification boundary simulated) fails closed when verification is disabled","invocations":1,"location":null,"numPassingAsserts":2,"retryReasons":[],"startAt":1788181814904,"status":"passed","title":"fails closed when verification is disabled"},{"ancestorTitles":["Google sign-in (Firebase verification boundary simulated)"],"duration":26,"failing":false,"failureDetails":[],"failureMessages":[],"fullName":"Google sign-in (Firebase verification boundary simulated) rejects missing and invalid Google tokens","invocations":1,"location":null,"numPassingAsserts":3,"retryReasons":[],"startAt":1788181814909,"status":"passed","title":"rejects missing and invalid Google tokens"},{"ancestorTitles":["Google sign-in (Firebase verification boundary simulated)"],"duration":189,"failing":false,"failureDetails":[],"failureMessages":[],"fullName":"Google sign-in (Firebase verification boundary simulated) creates new Google user from verified claims and then recognizes returning user","invocations":1,"location":null,"numPassingAsserts":8,"retryReasons":[],"startAt":1788181814935,"status":"passed","title":"creates new Google user from verified claims and then recognizes returning user"},{"ancestorTitles":["Google sign-in (Firebase verification boundary simulated)"],"duration":234,"failing":false,"failureDetails":[],"failureMessages":[],"fullName":"Google sign-in (Firebase verification boundary simulated) links matching local account and rejects conflicting Google identity","invocations":1,"location":null,"numPassingAsserts":3,"retryReasons":[],"startAt":1788181815124,"status":"passed","title":"links matching local account and rejects conflicting Google identity"},{"ancestorTitles":["Google sign-in (Firebase verification boundary simulated)"],"duration":155,"failing":false,"failureDetails":[],"failureMessages":[],"fullName":"Google sign-in (Firebase verification boundary simulated) does not link or issue tokens for a suspended local account","invocations":1,"location":null,"numPassingAsserts":2,"retryReasons":[],"startAt":1788181815358,"status":"passed","title":"does not link or issue tokens for a suspended local account"}],"endTime":1788181815518,"message":"","name":"C:\\Users\\Chitty\\source\\repos\\TeamC-prms\\prms-backend\\src\\modules\\auth\\__tests__\\auth.test.ts","startTime":1788181809078,"status":"passed","summary":""},{"assertionResults":[{"ancestorTitles":[],"duration":1,"failing":false,"failureDetails":[],"failureMessages":[],"fullName":"validates revocation and returns only verified Google identity claims","invocations":1,"location":null,"numPassingAsserts":2,"retryReasons":[],"startAt":1788181815554,"status":"passed","title":"validates revocation and returns only verified Google identity claims"},{"ancestorTitles":[],"duration":3,"failing":false,"failureDetails":[],"failureMessages":[],"fullName":"rejects unsuitable identity claims {}","invocations":1,"location":null,"numPassingAsserts":1,"retryReasons":[],"startAt":1788181815556,"status":"passed","title":"rejects unsuitable identity claims {}"},{"ancestorTitles":[],"duration":0,"failing":false,"failureDetails":[],"failureMessages":[],"fullName":"rejects unsuitable identity claims {\"email_verified\":false}","invocations":1,"location":null,"numPassingAsserts":1,"retryReasons":[],"startAt":1788181815559,"status":"passed","title":"rejects unsuitable identity claims {\"email_verified\":false}"},{"ancestorTitles":[],"duration":1,"failing":false,"failureDetails":[],"failureMessages":[],"fullName":"rejects unsuitable identity claims {\"firebase\":{\"sign_in_provider\":\"password\"}}","invocations":1,"location":null,"numPassingAsserts":1,"retryReasons":[],"startAt":1788181815559,"status":"passed","title":"rejects unsuitable identity claims {\"firebase\":{\"sign_in_provider\":\"password\"}}"},{"ancestorTitles":[],"duration":1,"failing":false,"failureDetails":[],"failureMessages":[],"fullName":"rejects invalid, expired or revoked tokens rejected by Firebase","invocations":1,"location":null,"numPassingAsserts":1,"retryReasons":[],"startAt":1788181815560,"status":"passed","title":"rejects invalid, expired or revoked tokens rejected by Firebase"}],"endTime":1788181815561,"message":"","name":"C:\\Users\\Chitty\\source\\repos\\TeamC-prms\\prms-backend\\src\\modules\\auth\\__tests__\\firebase_auth.test.ts","startTime":1788181815526,"status":"passed","summary":""},{"assertionResults":[{"ancestorTitles":["normalizeDate"],"duration":1,"failing":false,"failureDetails":[],"failureMessages":[],"fullName":"normalizeDate returns undefined for falsy values","invocations":1,"location":null,"numPassingAsserts":3,"retryReasons":[],"startAt":1788181815595,"status":"passed","title":"returns undefined for falsy values"},{"ancestorTitles":["normalizeDate"],"duration":0,"failing":false,"failureDetails":[],"failureMessages":[],"fullName":"normalizeDate returns Date for Date instances","invocations":1,"location":null,"numPassingAsserts":1,"retryReasons":[],"startAt":1788181815596,"status":"passed","title":"returns Date for Date instances"},{"ancestorTitles":["normalizeDate"],"duration":1,"failing":false,"failureDetails":[],"failureMessages":[],"fullName":"normalizeDate parses ISO string to Date","invocations":1,"location":null,"numPassingAsserts":2,"retryReasons":[],"startAt":1788181815596,"status":"passed","title":"parses ISO string to Date"},{"ancestorTitles":["normalizeDate"],"duration":0,"failing":false,"failureDetails":[],"failureMessages":[],"fullName":"normalizeDate returns undefined for invalid string","invocations":1,"location":null,"numPassingAsserts":1,"retryReasons":[],"startAt":1788181815597,"status":"passed","title":"returns undefined for invalid string"},{"ancestorTitles":["updateProperty - core fields"],"duration":0,"failing":false,"failureDetails":[],"failureMessages":[],"fullName":"updateProperty - core fields updates title, address, rent","invocations":1,"location":null,"numPassingAsserts":2,"retryReasons":[],"startAt":1788181815597,"status":"passed","title":"updates title, address, rent"},{"ancestorTitles":["updateProperty - core fields"],"duration":1,"failing":false,"failureDetails":[],"failureMessages":[],"fullName":"updateProperty - core fields saves description when provided","invocations":1,"location":null,"numPassingAsserts":1,"retryReasons":[],"startAt":1788181815597,"status":"passed","title":"saves description when provided"},{"ancestorTitles":["updateProperty - core fields"],"duration":0,"failing":false,"failureDetails":[],"failureMessages":[],"fullName":"updateProperty - core fields property_type is optional","invocations":1,"location":null,"numPassingAsserts":1,"retryReasons":[],"startAt":1788181815598,"status":"passed","title":"property_type is optional"},{"ancestorTitles":["updateProperty - core fields"],"duration":0,"failing":false,"failureDetails":[],"failureMessages":[],"fullName":"updateProperty - core fields normalizes date-only availableFrom/availableTo strings","invocations":1,"location":null,"numPassingAsserts":2,"retryReasons":[],"startAt":1788181815598,"status":"passed","title":"normalizes date-only availableFrom/availableTo strings"},{"ancestorTitles":["updateProperty - core fields"],"duration":1,"failing":false,"failureDetails":[],"failureMessages":[],"fullName":"updateProperty - core fields partial update touches only the supplied key","invocations":1,"location":null,"numPassingAsserts":2,"retryReasons":[],"startAt":1788181815598,"status":"passed","title":"partial update touches only the supplied key"},{"ancestorTitles":["updateProperty - core fields"],"duration":0,"failing":false,"failureDetails":[],"failureMessages":[],"fullName":"updateProperty - core fields invalid enum status is still passed through to Prisma","invocations":1,"location":null,"numPassingAsserts":1,"retryReasons":[],"startAt":1788181815599,"status":"passed","title":"invalid enum status is still passed through to Prisma"},{"ancestorTitles":["updateProperty - core fields"],"duration":0,"failing":false,"failureDetails":[],"failureMessages":[],"fullName":"updateProperty - core fields rent of 0 is accepted (validation only rejects in HTTP layer)","invocations":1,"location":null,"numPassingAsserts":1,"retryReasons":[],"startAt":1788181815599,"status":"passed","title":"rent of 0 is accepted (validation only rejects in HTTP layer)"},{"ancestorTitles":["updateProperty - amenities"],"duration":1,"failing":false,"failureDetails":[],"failureMessages":[],"fullName":"updateProperty - amenities adds amenities to property","invocations":1,"location":null,"numPassingAsserts":1,"retryReasons":[],"startAt":1788181815599,"status":"passed","title":"adds amenities to property"},{"ancestorTitles":["updateProperty - amenities"],"duration":0,"failing":false,"failureDetails":[],"failureMessages":[],"fullName":"updateProperty - amenities removes amenities no longer present","invocations":1,"location":null,"numPassingAsserts":1,"retryReasons":[],"startAt":1788181815600,"status":"passed","title":"removes amenities no longer present"},{"ancestorTitles":["updateProperty - amenities"],"duration":0,"failing":false,"failureDetails":[],"failureMessages":[],"fullName":"updateProperty - amenities updates existing amenity name/description","invocations":1,"location":null,"numPassingAsserts":1,"retryReasons":[],"startAt":1788181815600,"status":"passed","title":"updates existing amenity name/description"},{"ancestorTitles":["updateProperty - amenities"],"duration":1,"failing":false,"failureDetails":[],"failureMessages":[],"fullName":"updateProperty - amenities uses upsert semantics via ID reuse and removes unknown IDs","invocations":1,"location":null,"numPassingAsserts":2,"retryReasons":[],"startAt":1788181815600,"status":"passed","title":"uses upsert semantics via ID reuse and removes unknown IDs"},{"ancestorTitles":["updateProperty - amenities"],"duration":0,"failing":false,"failureDetails":[],"failureMessages":[],"fullName":"updateProperty - amenities adds + updates + removes in one call","invocations":1,"location":null,"numPassingAsserts":5,"retryReasons":[],"startAt":1788181815601,"status":"passed","title":"adds + updates + removes in one call"},{"ancestorTitles":["updateProperty - combined"],"duration":1,"failing":false,"failureDetails":[],"failureMessages":[],"fullName":"updateProperty - combined description + images updated together","invocations":1,"location":null,"numPassingAsserts":2,"retryReasons":[],"startAt":1788181815601,"status":"passed","title":"description + images updated together"},{"ancestorTitles":["updateProperty - media images"],"duration":0,"failing":false,"failureDetails":[],"failureMessages":[],"fullName":"updateProperty - media images adds new image","invocations":1,"location":null,"numPassingAsserts":1,"retryReasons":[],"startAt":1788181815602,"status":"passed","title":"adds new image"},{"ancestorTitles":["updateProperty - media images"],"duration":0,"failing":false,"failureDetails":[],"failureMessages":[],"fullName":"updateProperty - media images removes image not in incoming list","invocations":1,"location":null,"numPassingAsserts":1,"retryReasons":[],"startAt":1788181815602,"status":"passed","title":"removes image not in incoming list"},{"ancestorTitles":["updateProperty - media videos"],"duration":0,"failing":false,"failureDetails":[],"failureMessages":[],"fullName":"updateProperty - media videos adds video","invocations":1,"location":null,"numPassingAsserts":1,"retryReasons":[],"startAt":1788181815602,"status":"passed","title":"adds video"},{"ancestorTitles":["getLandlordProperties"],"duration":1,"failing":false,"failureDetails":[],"failureMessages":[],"fullName":"getLandlordProperties returns properties with agentProperties list","invocations":1,"location":null,"numPassingAsserts":2,"retryReasons":[],"startAt":1788181815602,"status":"passed","title":"returns properties with agentProperties list"}],"endTime":1788181815603,"message":"","name":"C:\\Users\\Chitty\\source\\repos\\TeamC-prms\\prms-backend\\src\\modules\\property\\__tests__\\jest.property.test.ts","startTime":1788181815569,"status":"passed","summary":""}],"wasInterrupted":false}
